<?xml version="1.0" encoding="UTF-8" standalone="no"?>
<testsuite failures="1" name="cucumber.runtime.formatter.JUnitFormatter" skipped="0" tests="6" time="392.351684">
<testcase classname="To validate login functionality of Ally Webpage" name="To validate valid username and valid password of Ally Webpage" time="75.55947">
<system-out><![CDATA[Given To launch the chrome web browser and maximize the chrome window.......passed
When To launch the url of Ally Webpage......................................passed
And To click Login Icon.....................................................passed
And To pass valid username in email id field................................passed
And To pass valid password in password text field...........................passed
And To click login icon button..............................................passed
Then To close the chrome web browser........................................passed
]]></system-out>
</testcase>
<testcase classname="To validate login functionality of Ally Webpage" name="To validate the positive and negative combination for login field" time="53.636441">
<system-out><![CDATA[Given To launch browser and max window......................................passed
When To launch the url of Ally Fashion......................................passed
When To click user symbol...................................................passed
When To pass positive and negative data "tamilkrisha@gmail.com" to email field.passed
When To pass positive and negative data "Tamil@97" to password field........passed
And To click the login......................................................passed
Then To close browser.......................................................passed
]]></system-out>
</testcase>
<testcase classname="To validate login functionality of Ally Webpage" name="To validate the positive and negative combination for login field 2" time="66.321938">
<system-out><![CDATA[Given To launch browser and max window......................................passed
When To launch the url of Ally Fashion......................................passed
When To click user symbol...................................................passed
When To pass positive and negative data "vivektamil@gmail.com" to email field.passed
When To pass positive and negative data "Krisha@14" to password field.......passed
And To click the login......................................................passed
Then To close browser.......................................................passed
]]></system-out>
</testcase>
<testcase classname="To validate login functionality of Ally Webpage" name="To validate the positive and negative combination for login field 3" time="40.419843">
<failure message="org.openqa.selenium.ElementClickInterceptedException: element click intercepted: Element &lt;a title=&quot;Sign In&quot; href=&quot;https://allyfashion.com/customer/account/login/referer/aHR0cHM6Ly9hbGx5ZmFzaGlvbi5jb20v/&quot;&gt;...&lt;/a&gt; is not clickable at point (1208, 36). Other element would receive the click: &lt;div id=&quot;wisepops-overlay-334297&quot; class=&quot;PopupOverlay-sc-19vr1np-0 cEhaqi wisepops-overlay&quot; style=&quot;transition: opacity 0.5s ease 0s; opacity: 1;&quot;&gt;&lt;/div&gt;&#10;  (Session info: chrome=104.0.5112.102)&#10;Build info: version: '3.141.59', revision: 'e82be7d358', time: '2018-11-14T08:17:03'&#10;System info: host: 'DESKTOP-KBG4N8A', ip: '192.168.221.155', os.name: 'Windows 10', os.arch: 'amd64', os.version: '10.0', java.version: '1.8.0_333'&#10;Driver info: org.openqa.selenium.chrome.ChromeDriver&#10;Capabilities {acceptInsecureCerts: false, browserName: chrome, browserVersion: 104.0.5112.102, chrome: {chromedriverVersion: 104.0.5112.79 (3cf3e8c8a07d..., userDataDir: C:\Users\Dell\AppData\Local...}, goog:chromeOptions: {debuggerAddress: localhost:52947}, javascriptEnabled: true, networkConnectionEnabled: false, pageLoadStrategy: normal, platform: WINDOWS, platformName: WINDOWS, proxy: Proxy(), setWindowRect: true, strictFileInteractability: false, timeouts: {implicit: 0, pageLoad: 300000, script: 30000}, unhandledPromptBehavior: dismiss and notify, webauthn:extension:credBlob: true, webauthn:extension:largeBlob: true, webauthn:virtualAuthenticators: true}&#10;Session ID: 4cea21b4e5e5bef95773740cecef387f&#13;&#10;&#9;at sun.reflect.NativeConstructorAccessorImpl.newInstance0(Native Method)&#13;&#10;&#9;at sun.reflect.NativeConstructorAccessorImpl.newInstance(Unknown Source)&#13;&#10;&#9;at sun.reflect.DelegatingConstructorAccessorImpl.newInstance(Unknown Source)&#13;&#10;&#9;at java.lang.reflect.Constructor.newInstance(Unknown Source)&#13;&#10;&#9;at org.openqa.selenium.remote.http.W3CHttpResponseCodec.createException(W3CHttpResponseCodec.java:187)&#13;&#10;&#9;at org.openqa.selenium.remote.http.W3CHttpResponseCodec.decode(W3CHttpResponseCodec.java:122)&#13;&#10;&#9;at org.openqa.selenium.remote.http.W3CHttpResponseCodec.decode(W3CHttpResponseCodec.java:49)&#13;&#10;&#9;at org.openqa.selenium.remote.HttpCommandExecutor.execute(HttpCommandExecutor.java:158)&#13;&#10;&#9;at org.openqa.selenium.remote.service.DriverCommandExecutor.execute(DriverCommandExecutor.java:83)&#13;&#10;&#9;at org.openqa.selenium.remote.RemoteWebDriver.execute(RemoteWebDriver.java:552)&#13;&#10;&#9;at org.openqa.selenium.remote.RemoteWebElement.execute(RemoteWebElement.java:285)&#13;&#10;&#9;at org.openqa.selenium.remote.RemoteWebElement.click(RemoteWebElement.java:84)&#13;&#10;&#9;at sun.reflect.NativeMethodAccessorImpl.invoke0(Native Method)&#13;&#10;&#9;at sun.reflect.NativeMethodAccessorImpl.invoke(Unknown Source)&#13;&#10;&#9;at sun.reflect.DelegatingMethodAccessorImpl.invoke(Unknown Source)&#13;&#10;&#9;at java.lang.reflect.Method.invoke(Unknown Source)&#13;&#10;&#9;at org.openqa.selenium.support.pagefactory.internal.LocatingElementHandler.invoke(LocatingElementHandler.java:51)&#13;&#10;&#9;at com.sun.proxy.$Proxy16.click(Unknown Source)&#13;&#10;&#9;at org.smes.Base.click(Base.java:89)&#13;&#10;&#9;at org.stepdefinition.AllyLoginPosAndNegTest.to_click_user_symbol(AllyLoginPosAndNegTest.java:36)&#13;&#10;&#9;at ✽.To click user symbol(src/test/resources/FeatureFiles/Ally.feature:15)&#13;&#10;"><![CDATA[Given To launch browser and max window......................................passed
When To launch the url of Ally Fashion......................................passed
When To click user symbol...................................................failed
When To pass positive and negative data "vitam18@gmail.com" to email field..skipped
When To pass positive and negative data "Shree@92" to password field........skipped
And To click the login......................................................skipped
Then To close browser.......................................................skipped

StackTrace:
org.openqa.selenium.ElementClickInterceptedException: element click intercepted: Element <a title="Sign In" href="https://allyfashion.com/customer/account/login/referer/aHR0cHM6Ly9hbGx5ZmFzaGlvbi5jb20v/">...</a> is not clickable at point (1208, 36). Other element would receive the click: <div id="wisepops-overlay-334297" class="PopupOverlay-sc-19vr1np-0 cEhaqi wisepops-overlay" style="transition: opacity 0.5s ease 0s; opacity: 1;"></div>
  (Session info: chrome=104.0.5112.102)
Build info: version: '3.141.59', revision: 'e82be7d358', time: '2018-11-14T08:17:03'
System info: host: 'DESKTOP-KBG4N8A', ip: '192.168.221.155', os.name: 'Windows 10', os.arch: 'amd64', os.version: '10.0', java.version: '1.8.0_333'
Driver info: org.openqa.selenium.chrome.ChromeDriver
Capabilities {acceptInsecureCerts: false, browserName: chrome, browserVersion: 104.0.5112.102, chrome: {chromedriverVersion: 104.0.5112.79 (3cf3e8c8a07d..., userDataDir: C:\Users\Dell\AppData\Local...}, goog:chromeOptions: {debuggerAddress: localhost:52947}, javascriptEnabled: true, networkConnectionEnabled: false, pageLoadStrategy: normal, platform: WINDOWS, platformName: WINDOWS, proxy: Proxy(), setWindowRect: true, strictFileInteractability: false, timeouts: {implicit: 0, pageLoad: 300000, script: 30000}, unhandledPromptBehavior: dismiss and notify, webauthn:extension:credBlob: true, webauthn:extension:largeBlob: true, webauthn:virtualAuthenticators: true}
Session ID: 4cea21b4e5e5bef95773740cecef387f
	at sun.reflect.NativeConstructorAccessorImpl.newInstance0(Native Method)
	at sun.reflect.NativeConstructorAccessorImpl.newInstance(Unknown Source)
	at sun.reflect.DelegatingConstructorAccessorImpl.newInstance(Unknown Source)
	at java.lang.reflect.Constructor.newInstance(Unknown Source)
	at org.openqa.selenium.remote.http.W3CHttpResponseCodec.createException(W3CHttpResponseCodec.java:187)
	at org.openqa.selenium.remote.http.W3CHttpResponseCodec.decode(W3CHttpResponseCodec.java:122)
	at org.openqa.selenium.remote.http.W3CHttpResponseCodec.decode(W3CHttpResponseCodec.java:49)
	at org.openqa.selenium.remote.HttpCommandExecutor.execute(HttpCommandExecutor.java:158)
	at org.openqa.selenium.remote.service.DriverCommandExecutor.execute(DriverCommandExecutor.java:83)
	at org.openqa.selenium.remote.RemoteWebDriver.execute(RemoteWebDriver.java:552)
	at org.openqa.selenium.remote.RemoteWebElement.execute(RemoteWebElement.java:285)
	at org.openqa.selenium.remote.RemoteWebElement.click(RemoteWebElement.java:84)
	at sun.reflect.NativeMethodAccessorImpl.invoke0(Native Method)
	at sun.reflect.NativeMethodAccessorImpl.invoke(Unknown Source)
	at sun.reflect.DelegatingMethodAccessorImpl.invoke(Unknown Source)
	at java.lang.reflect.Method.invoke(Unknown Source)
	at org.openqa.selenium.support.pagefactory.internal.LocatingElementHandler.invoke(LocatingElementHandler.java:51)
	at com.sun.proxy.$Proxy16.click(Unknown Source)
	at org.smes.Base.click(Base.java:89)
	at org.stepdefinition.AllyLoginPosAndNegTest.to_click_user_symbol(AllyLoginPosAndNegTest.java:36)
	at ✽.To click user symbol(src/test/resources/FeatureFiles/Ally.feature:15)
]]></failure>
</testcase>
<testcase classname="To validate login functionality of Ally Webpage" name="To validate the positive and negative combination for login field 4" time="108.864375">
<system-out><![CDATA[Given To launch browser and max window......................................passed
When To launch the url of Ally Fashion......................................passed
When To click user symbol...................................................passed
When To pass positive and negative data "vtk914@gmail.com" to email field...passed
When To pass positive and negative data "Vitam@14" to password field........passed
And To click the login......................................................passed
Then To close browser.......................................................passed
]]></system-out>
</testcase>
<testcase classname="To validate the login functions of Ally Fashion Webpage" name="To validate login with invalid username and invalid password" time="47.549617">
<system-out><![CDATA[Given To lunch the chrome and maxi..........................................passed
When To launch the url of Ally sign in page.................................passed
And To pass the invalid username in email field.............................passed
And To pass the invalid password in password field..........................passed
And To click the submit button..............................................passed
And To close the browser....................................................passed
]]></system-out>
</testcase>
</testsuite>
